<?xml version="1.0" encoding="UTF-8"?>
<testsuite xmlns:xsi="http://www.w3.org/2001/XMLSchema-instance" xsi:noNamespaceSchemaLocation="https://maven.apache.org/surefire/maven-surefire-plugin/xsd/surefire-test-report.xsd" name="net.school.cafeteria.CafeteriaTest" time="0.019" tests="4" errors="4" skipped="0" failures="0">
  <properties>
    <property name="java.specification.version" value="13"/>
    <property name="sun.cpu.isalist" value="pentium_pro+mmx pentium_pro pentium+mmx pentium i486 i386 i86"/>
    <property name="sun.jnu.encoding" value="Cp1252"/>
    <property name="java.class.path" value="C:\Users\thaabit-jacobs\desktop\projects\teachers-learners-lessons\target\test-classes;C:\Users\thaabit-jacobs\desktop\projects\teachers-learners-lessons\target\classes;C:\Users\thaabit-jacobs\.m2\repository\org\junit\jupiter\junit-jupiter-api\5.4.0\junit-jupiter-api-5.4.0.jar;C:\Users\thaabit-jacobs\.m2\repository\org\apiguardian\apiguardian-api\1.0.0\apiguardian-api-1.0.0.jar;C:\Users\thaabit-jacobs\.m2\repository\org\opentest4j\opentest4j\1.1.1\opentest4j-1.1.1.jar;C:\Users\thaabit-jacobs\.m2\repository\org\junit\platform\junit-platform-commons\1.4.0\junit-platform-commons-1.4.0.jar;C:\Users\thaabit-jacobs\.m2\repository\org\junit\jupiter\junit-jupiter-engine\5.4.0\junit-jupiter-engine-5.4.0.jar;C:\Users\thaabit-jacobs\.m2\repository\org\junit\platform\junit-platform-engine\1.4.0\junit-platform-engine-1.4.0.jar;"/>
    <property name="java.vm.vendor" value="AdoptOpenJDK"/>
    <property name="sun.arch.data.model" value="32"/>
    <property name="user.variant" value=""/>
    <property name="java.vendor.url" value="https://adoptopenjdk.net/"/>
    <property name="user.timezone" value="Africa/Johannesburg"/>
    <property name="os.name" value="Windows 7"/>
    <property name="java.vm.specification.version" value="13"/>
    <property name="sun.java.launcher" value="SUN_STANDARD"/>
    <property name="user.country" value="US"/>
    <property name="sun.boot.library.path" value="C:\Program Files\AdoptOpenJDK\jdk-13.0.2.8-hotspot\bin"/>
    <property name="sun.java.command" value="C:\Users\THAABI~1\AppData\Local\Temp\surefire8923462954964783321\surefirebooter4950840125837208225.jar C:\Users\thaabit-jacobs\AppData\Local\Temp\surefire8923462954964783321 2020-07-08T15-30-18_098-jvmRun1 surefire9587310300522080577tmp surefire_014762974796013222142tmp"/>
    <property name="jdk.debug" value="release"/>
    <property name="surefire.test.class.path" value="C:\Users\thaabit-jacobs\desktop\projects\teachers-learners-lessons\target\test-classes;C:\Users\thaabit-jacobs\desktop\projects\teachers-learners-lessons\target\classes;C:\Users\thaabit-jacobs\.m2\repository\org\junit\jupiter\junit-jupiter-api\5.4.0\junit-jupiter-api-5.4.0.jar;C:\Users\thaabit-jacobs\.m2\repository\org\apiguardian\apiguardian-api\1.0.0\apiguardian-api-1.0.0.jar;C:\Users\thaabit-jacobs\.m2\repository\org\opentest4j\opentest4j\1.1.1\opentest4j-1.1.1.jar;C:\Users\thaabit-jacobs\.m2\repository\org\junit\platform\junit-platform-commons\1.4.0\junit-platform-commons-1.4.0.jar;C:\Users\thaabit-jacobs\.m2\repository\org\junit\jupiter\junit-jupiter-engine\5.4.0\junit-jupiter-engine-5.4.0.jar;C:\Users\thaabit-jacobs\.m2\repository\org\junit\platform\junit-platform-engine\1.4.0\junit-platform-engine-1.4.0.jar;"/>
    <property name="sun.cpu.endian" value="little"/>
    <property name="user.home" value="C:\Users\thaabit-jacobs"/>
    <property name="user.language" value="en"/>
    <property name="java.specification.vendor" value="Oracle Corporation"/>
    <property name="java.version.date" value="2020-01-14"/>
    <property name="java.home" value="C:\Program Files\AdoptOpenJDK\jdk-13.0.2.8-hotspot"/>
    <property name="file.separator" value="\"/>
    <property name="basedir" value="C:\Users\thaabit-jacobs\desktop\projects\teachers-learners-lessons"/>
    <property name="line.separator" value="&#10;"/>
    <property name="java.vm.specification.vendor" value="Oracle Corporation"/>
    <property name="java.specification.name" value="Java Platform API Specification"/>
    <property name="surefire.real.class.path" value="C:\Users\THAABI~1\AppData\Local\Temp\surefire8923462954964783321\surefirebooter4950840125837208225.jar"/>
    <property name="user.script" value=""/>
    <property name="sun.management.compiler" value="HotSpot Client Compiler"/>
    <property name="java.runtime.version" value="13.0.2+8"/>
    <property name="user.name" value="thaabit-jacobs"/>
    <property name="path.separator" value=";"/>
    <property name="os.version" value="6.1"/>
    <property name="java.runtime.name" value="OpenJDK Runtime Environment"/>
    <property name="file.encoding" value="Cp1252"/>
    <property name="java.vm.name" value="OpenJDK Client VM"/>
    <property name="java.vendor.version" value="AdoptOpenJDK"/>
    <property name="localRepository" value="C:\Users\thaabit-jacobs\.m2\repository"/>
    <property name="java.vendor.url.bug" value="https://github.com/AdoptOpenJDK/openjdk-support/issues"/>
    <property name="java.io.tmpdir" value="C:\Users\THAABI~1\AppData\Local\Temp\"/>
    <property name="java.version" value="13.0.2"/>
    <property name="user.dir" value="C:\Users\thaabit-jacobs\desktop\projects\teachers-learners-lessons"/>
    <property name="os.arch" value="x86"/>
    <property name="java.vm.specification.name" value="Java Virtual Machine Specification"/>
    <property name="sun.os.patch.level" value="Service Pack 1"/>
    <property name="java.library.path" value="C:\Program Files\AdoptOpenJDK\jdk-13.0.2.8-hotspot\bin;C:\Windows\Sun\Java\bin;C:\Windows\system32;C:\Windows;C:\Users\thaabit-jacobs\bin;C:\Program Files\Git\mingw32\bin;C:\Program Files\Git\usr\local\bin;C:\Program Files\Git\usr\bin;C:\Program Files\Git\usr\bin;C:\Program Files\Git\mingw32\bin;C:\Program Files\Git\usr\bin;C:\Users\thaabit-jacobs\bin;C:\Program Files\AdoptOpenJDK\jdk-13.0.2.8-hotspot\bin;C:\Program Files\Common Files\Oracle\Java\javapath;C:\Windows\system32;C:\Windows;C:\Windows\System32\Wbem;C:\Windows\System32\WindowsPowerShell\v1.0;C:\Program Files\Git\cmd;C:\Program Files\GtkSharp\2.12\bin;C:\Program Files\Java\OpenJDK11U-jdk_x86-32_windows_hotspot_11.0.7_10\jdk-11.0.7+10\bin;C:\Users\thaabit-jacobs\Documents\java\apache-maven-3.6.3\bin;C:\Program Files\Git\usr\bin\vendor_perl;C:\Program Files\Git\usr\bin\core_perl;."/>
    <property name="java.vm.info" value="mixed mode"/>
    <property name="java.vendor" value="AdoptOpenJDK"/>
    <property name="java.vm.version" value="13.0.2+8"/>
    <property name="sun.io.unicode.encoding" value="UnicodeLittle"/>
    <property name="java.class.version" value="57.0"/>
  </properties>
  <testcase name="teacherShouldBuyItemAtFulPrice" classname="net.school.cafeteria.CafeteriaTest" time="0.002">
    <error type="java.lang.NullPointerException"><![CDATA[java.lang.NullPointerException
	at net.school.cafeteria.CafeteriaTest.<init>(CafeteriaTest.java:28)
]]></error>
  </testcase>
  <testcase name="teacherShouldBuyItemAtDiscountedPriceFulPrice" classname="net.school.cafeteria.CafeteriaTest" time="0">
    <error type="java.lang.NullPointerException"><![CDATA[java.lang.NullPointerException
	at net.school.cafeteria.CafeteriaTest.<init>(CafeteriaTest.java:28)
]]></error>
  </testcase>
  <testcase name="learnerShouldBuyItemAtFulPrice" classname="net.school.cafeteria.CafeteriaTest" time="0">
    <error type="java.lang.NullPointerException"><![CDATA[java.lang.NullPointerException
	at net.school.cafeteria.CafeteriaTest.<init>(CafeteriaTest.java:28)
]]></error>
  </testcase>
  <testcase name="shouldReturnNotEnoughTokens" classname="net.school.cafeteria.CafeteriaTest" time="0">
    <error type="java.lang.NullPointerException"><![CDATA[java.lang.NullPointerException
	at net.school.cafeteria.CafeteriaTest.<init>(CafeteriaTest.java:28)
]]></error>
  </testcase>
</testsuite>